<?xml version="1.0" encoding="UTF-8"?>
<testsuites>
  <testsuite name="/home/xkas/PhpstormProjects/laravel-elevenlabs-package/phpunit.xml" tests="44" assertions="86" errors="0" failures="28" skipped="14" time="25.785327">
    <testsuite name="Feature Tests" tests="22" assertions="43" errors="0" failures="14" skipped="7" time="11.281942">
      <testsuite name="Samandar\LaravelElevenLabs\Tests\Feature\RealApiTest" file="/home/xkas/PhpstormProjects/laravel-elevenlabs-package/tests/Feature/RealApiTest.php" tests="22" assertions="43" errors="0" failures="14" skipped="7" time="11.281942">
        <testcase name="test_can_get_user_info" file="/home/xkas/PhpstormProjects/laravel-elevenlabs-package/tests/Feature/RealApiTest.php" line="55" class="Samandar\LaravelElevenLabs\Tests\Feature\RealApiTest" classname="Samandar.LaravelElevenLabs.Tests.Feature.RealApiTest" assertions="2" time="0.536718">
          <failure type="PHPUnit\Framework\ExpectationFailedException">Samandar\LaravelElevenLabs\Tests\Feature\RealApiTest::test_can_get_user_info
Client error: `GET https://api.elevenlabs.io/v1/user` resulted in a `401 Unauthorized` response:
{"detail":{"status":"invalid_api_key","message":"Invalid API key"}}

Failed asserting that false is true.

/home/xkas/PhpstormProjects/laravel-elevenlabs-package/tests/Feature/RealApiTest.php:60</failure>
        </testcase>
        <testcase name="test_can_get_user_subscription" file="/home/xkas/PhpstormProjects/laravel-elevenlabs-package/tests/Feature/RealApiTest.php" line="72" class="Samandar\LaravelElevenLabs\Tests\Feature\RealApiTest" classname="Samandar.LaravelElevenLabs.Tests.Feature.RealApiTest" assertions="2" time="0.468938">
          <failure type="PHPUnit\Framework\ExpectationFailedException">Samandar\LaravelElevenLabs\Tests\Feature\RealApiTest::test_can_get_user_subscription
Client error: `GET https://api.elevenlabs.io/v1/user/subscription` resulted in a `401 Unauthorized` response:
{"detail":{"status":"invalid_api_key","message":"Invalid API key"}}

Failed asserting that false is true.

/home/xkas/PhpstormProjects/laravel-elevenlabs-package/tests/Feature/RealApiTest.php:77</failure>
        </testcase>
        <testcase name="test_can_get_models" file="/home/xkas/PhpstormProjects/laravel-elevenlabs-package/tests/Feature/RealApiTest.php" line="91" class="Samandar\LaravelElevenLabs\Tests\Feature\RealApiTest" classname="Samandar.LaravelElevenLabs.Tests.Feature.RealApiTest" assertions="2" time="0.458301">
          <failure type="PHPUnit\Framework\ExpectationFailedException">Samandar\LaravelElevenLabs\Tests\Feature\RealApiTest::test_can_get_models
Client error: `GET https://api.elevenlabs.io/v1/models` resulted in a `401 Unauthorized` response:
{"detail":{"status":"invalid_api_key","message":"Invalid API key"}}

Failed asserting that false is true.

/home/xkas/PhpstormProjects/laravel-elevenlabs-package/tests/Feature/RealApiTest.php:96</failure>
        </testcase>
        <testcase name="test_can_get_character_usage" file="/home/xkas/PhpstormProjects/laravel-elevenlabs-package/tests/Feature/RealApiTest.php" line="104" class="Samandar\LaravelElevenLabs\Tests\Feature\RealApiTest" classname="Samandar.LaravelElevenLabs.Tests.Feature.RealApiTest" assertions="2" time="0.456318">
          <failure type="PHPUnit\Framework\ExpectationFailedException">Samandar\LaravelElevenLabs\Tests\Feature\RealApiTest::test_can_get_character_usage
Client error: `GET https://api.elevenlabs.io/v1/usage/character-stats` resulted in a `422 unknown` response:
{"detail":[{"type":"missing","loc":["query","start_unix"],"msg":"Field required","input":null},{"type":"missing","loc":[ (truncated...)

Failed asserting that false is true.

/home/xkas/PhpstormProjects/laravel-elevenlabs-package/tests/Feature/RealApiTest.php:109</failure>
        </testcase>
        <testcase name="test_can_get_history" file="/home/xkas/PhpstormProjects/laravel-elevenlabs-package/tests/Feature/RealApiTest.php" line="116" class="Samandar\LaravelElevenLabs\Tests\Feature\RealApiTest" classname="Samandar.LaravelElevenLabs.Tests.Feature.RealApiTest" assertions="2" time="0.469036">
          <failure type="PHPUnit\Framework\ExpectationFailedException">Samandar\LaravelElevenLabs\Tests\Feature\RealApiTest::test_can_get_history
Client error: `GET https://api.elevenlabs.io/v1/history?page_size=5` resulted in a `401 Unauthorized` response:
{"detail":{"status":"invalid_api_key","message":"Invalid API key"}}

Failed asserting that false is true.

/home/xkas/PhpstormProjects/laravel-elevenlabs-package/tests/Feature/RealApiTest.php:121</failure>
        </testcase>
        <testcase name="test_can_get_voices" file="/home/xkas/PhpstormProjects/laravel-elevenlabs-package/tests/Feature/RealApiTest.php" line="129" class="Samandar\LaravelElevenLabs\Tests\Feature\RealApiTest" classname="Samandar.LaravelElevenLabs.Tests.Feature.RealApiTest" assertions="2" time="0.456984">
          <failure type="PHPUnit\Framework\ExpectationFailedException">Samandar\LaravelElevenLabs\Tests\Feature\RealApiTest::test_can_get_voices
Client error: `GET https://api.elevenlabs.io/v1/voices` resulted in a `401 Unauthorized` response:
{"detail":{"status":"invalid_api_key","message":"Invalid API key"}}

Failed asserting that false is true.

/home/xkas/PhpstormProjects/laravel-elevenlabs-package/tests/Feature/RealApiTest.php:134</failure>
        </testcase>
        <testcase name="test_can_get_specific_voice" file="/home/xkas/PhpstormProjects/laravel-elevenlabs-package/tests/Feature/RealApiTest.php" line="143" class="Samandar\LaravelElevenLabs\Tests\Feature\RealApiTest" classname="Samandar.LaravelElevenLabs.Tests.Feature.RealApiTest" assertions="1" time="0.458033">
          <failure type="PHPUnit\Framework\ExpectationFailedException">Samandar\LaravelElevenLabs\Tests\Feature\RealApiTest::test_can_get_specific_voice
Failed asserting that false is true.

/home/xkas/PhpstormProjects/laravel-elevenlabs-package/tests/Feature/RealApiTest.php:147</failure>
        </testcase>
        <testcase name="test_can_get_shared_voices" file="/home/xkas/PhpstormProjects/laravel-elevenlabs-package/tests/Feature/RealApiTest.php" line="164" class="Samandar\LaravelElevenLabs\Tests\Feature\RealApiTest" classname="Samandar.LaravelElevenLabs.Tests.Feature.RealApiTest" assertions="2" time="0.492420">
          <failure type="PHPUnit\Framework\ExpectationFailedException">Samandar\LaravelElevenLabs\Tests\Feature\RealApiTest::test_can_get_shared_voices
Client error: `GET https://api.elevenlabs.io/v1/shared-voices` resulted in a `401 Unauthorized` response:
{"detail":{"status":"invalid_api_key","message":"Invalid API key"}}

Failed asserting that false is true.

/home/xkas/PhpstormProjects/laravel-elevenlabs-package/tests/Feature/RealApiTest.php:169</failure>
        </testcase>
        <testcase name="test_can_get_pronunciation_dictionaries" file="/home/xkas/PhpstormProjects/laravel-elevenlabs-package/tests/Feature/RealApiTest.php" line="177" class="Samandar\LaravelElevenLabs\Tests\Feature\RealApiTest" classname="Samandar.LaravelElevenLabs.Tests.Feature.RealApiTest" assertions="2" time="0.465058">
          <failure type="PHPUnit\Framework\ExpectationFailedException">Samandar\LaravelElevenLabs\Tests\Feature\RealApiTest::test_can_get_pronunciation_dictionaries
Client error: `GET https://api.elevenlabs.io/v1/pronunciation-dictionaries` resulted in a `401 Unauthorized` response:
{"detail":{"status":"invalid_api_key","message":"Invalid API key"}}

Failed asserting that false is true.

/home/xkas/PhpstormProjects/laravel-elevenlabs-package/tests/Feature/RealApiTest.php:182</failure>
        </testcase>
        <testcase name="test_can_create_voice_previews" file="/home/xkas/PhpstormProjects/laravel-elevenlabs-package/tests/Feature/RealApiTest.php" line="191" class="Samandar\LaravelElevenLabs\Tests\Feature\RealApiTest" classname="Samandar.LaravelElevenLabs.Tests.Feature.RealApiTest" assertions="1" time="0.469486">
          <failure type="PHPUnit\Framework\ExpectationFailedException">Samandar\LaravelElevenLabs\Tests\Feature\RealApiTest::test_can_create_voice_previews
Failed asserting that false is true.

/home/xkas/PhpstormProjects/laravel-elevenlabs-package/tests/Feature/RealApiTest.php:195</failure>
        </testcase>
        <testcase name="test_can_generate_text_to_speech" file="/home/xkas/PhpstormProjects/laravel-elevenlabs-package/tests/Feature/RealApiTest.php" line="248" class="Samandar\LaravelElevenLabs\Tests\Feature\RealApiTest" classname="Samandar.LaravelElevenLabs.Tests.Feature.RealApiTest" assertions="1" time="0.447816">
          <failure type="PHPUnit\Framework\ExpectationFailedException">Samandar\LaravelElevenLabs\Tests\Feature\RealApiTest::test_can_generate_text_to_speech
Failed asserting that false is true.

/home/xkas/PhpstormProjects/laravel-elevenlabs-package/tests/Feature/RealApiTest.php:252</failure>
        </testcase>
        <testcase name="test_can_save_tts_to_file" file="/home/xkas/PhpstormProjects/laravel-elevenlabs-package/tests/Feature/RealApiTest.php" line="270" class="Samandar\LaravelElevenLabs\Tests\Feature\RealApiTest" classname="Samandar.LaravelElevenLabs.Tests.Feature.RealApiTest" assertions="1" time="0.461692">
          <failure type="PHPUnit\Framework\ExpectationFailedException">Samandar\LaravelElevenLabs\Tests\Feature\RealApiTest::test_can_save_tts_to_file
Failed asserting that false is true.

/home/xkas/PhpstormProjects/laravel-elevenlabs-package/tests/Feature/RealApiTest.php:273</failure>
        </testcase>
        <testcase name="test_can_generate_sound_effects" file="/home/xkas/PhpstormProjects/laravel-elevenlabs-package/tests/Feature/RealApiTest.php" line="299" class="Samandar\LaravelElevenLabs\Tests\Feature\RealApiTest" classname="Samandar.LaravelElevenLabs.Tests.Feature.RealApiTest" assertions="2" time="0.476435">
          <failure type="PHPUnit\Framework\ExpectationFailedException">Samandar\LaravelElevenLabs\Tests\Feature\RealApiTest::test_can_generate_sound_effects
Client error: `POST https://api.elevenlabs.io/v1/sound-generation` resulted in a `401 Unauthorized` response:
{"detail":{"status":"invalid_api_key","message":"Invalid API key"}}

Failed asserting that false is true.

/home/xkas/PhpstormProjects/laravel-elevenlabs-package/tests/Feature/RealApiTest.php:313</failure>
        </testcase>
        <testcase name="test_can_get_conversational_ai_settings" file="/home/xkas/PhpstormProjects/laravel-elevenlabs-package/tests/Feature/RealApiTest.php" line="319" class="Samandar\LaravelElevenLabs\Tests\Feature\RealApiTest" classname="Samandar.LaravelElevenLabs.Tests.Feature.RealApiTest" assertions="1" time="0.463602">
          <skipped/>
        </testcase>
        <testcase name="test_can_get_knowledge_bases" file="/home/xkas/PhpstormProjects/laravel-elevenlabs-package/tests/Feature/RealApiTest.php" line="333" class="Samandar\LaravelElevenLabs\Tests\Feature\RealApiTest" classname="Samandar.LaravelElevenLabs.Tests.Feature.RealApiTest" assertions="1" time="0.486089">
          <skipped/>
        </testcase>
        <testcase name="test_can_get_agents" file="/home/xkas/PhpstormProjects/laravel-elevenlabs-package/tests/Feature/RealApiTest.php" line="349" class="Samandar\LaravelElevenLabs\Tests\Feature\RealApiTest" classname="Samandar.LaravelElevenLabs.Tests.Feature.RealApiTest" assertions="1" time="0.458918">
          <skipped/>
        </testcase>
        <testcase name="test_can_get_conversations" file="/home/xkas/PhpstormProjects/laravel-elevenlabs-package/tests/Feature/RealApiTest.php" line="365" class="Samandar\LaravelElevenLabs\Tests\Feature\RealApiTest" classname="Samandar.LaravelElevenLabs.Tests.Feature.RealApiTest" assertions="1" time="0.467518">
          <skipped/>
        </testcase>
        <testcase name="test_can_get_studio_projects" file="/home/xkas/PhpstormProjects/laravel-elevenlabs-package/tests/Feature/RealApiTest.php" line="381" class="Samandar\LaravelElevenLabs\Tests\Feature\RealApiTest" classname="Samandar.LaravelElevenLabs.Tests.Feature.RealApiTest" assertions="1" time="0.465323">
          <skipped/>
        </testcase>
        <testcase name="test_can_get_workspace_members" file="/home/xkas/PhpstormProjects/laravel-elevenlabs-package/tests/Feature/RealApiTest.php" line="397" class="Samandar\LaravelElevenLabs\Tests\Feature\RealApiTest" classname="Samandar.LaravelElevenLabs.Tests.Feature.RealApiTest" assertions="1" time="0.461058">
          <skipped/>
        </testcase>
        <testcase name="test_can_get_workspace_resources" file="/home/xkas/PhpstormProjects/laravel-elevenlabs-package/tests/Feature/RealApiTest.php" line="413" class="Samandar\LaravelElevenLabs\Tests\Feature\RealApiTest" classname="Samandar.LaravelElevenLabs.Tests.Feature.RealApiTest" assertions="1" time="0.490486">
          <skipped/>
        </testcase>
        <testcase name="test_full_tts_workflow" file="/home/xkas/PhpstormProjects/laravel-elevenlabs-package/tests/Feature/RealApiTest.php" line="428" class="Samandar\LaravelElevenLabs\Tests\Feature\RealApiTest" classname="Samandar.LaravelElevenLabs.Tests.Feature.RealApiTest" assertions="1" time="0.449636">
          <failure type="PHPUnit\Framework\ExpectationFailedException">Samandar\LaravelElevenLabs\Tests\Feature\RealApiTest::test_full_tts_workflow
Failed asserting that false is true.

/home/xkas/PhpstormProjects/laravel-elevenlabs-package/tests/Feature/RealApiTest.php:432</failure>
        </testcase>
        <testcase name="test_api_endpoints_are_current" file="/home/xkas/PhpstormProjects/laravel-elevenlabs-package/tests/Feature/RealApiTest.php" line="501" class="Samandar\LaravelElevenLabs\Tests\Feature\RealApiTest" classname="Samandar.LaravelElevenLabs.Tests.Feature.RealApiTest" assertions="13" time="1.422077"/>
      </testsuite>
    </testsuite>
    <testsuite name="Real API Tests" tests="22" assertions="43" errors="0" failures="14" skipped="7" time="14.503386">
      <testsuite name="Samandar\LaravelElevenLabs\Tests\Feature\RealApiTest" file="/home/xkas/PhpstormProjects/laravel-elevenlabs-package/tests/Feature/RealApiTest.php" tests="22" assertions="43" errors="0" failures="14" skipped="7" time="14.503386">
        <testcase name="test_can_get_user_info" file="/home/xkas/PhpstormProjects/laravel-elevenlabs-package/tests/Feature/RealApiTest.php" line="55" class="Samandar\LaravelElevenLabs\Tests\Feature\RealApiTest" classname="Samandar.LaravelElevenLabs.Tests.Feature.RealApiTest" assertions="2" time="0.459818">
          <failure type="PHPUnit\Framework\ExpectationFailedException">Samandar\LaravelElevenLabs\Tests\Feature\RealApiTest::test_can_get_user_info
Client error: `GET https://api.elevenlabs.io/v1/user` resulted in a `401 Unauthorized` response:
{"detail":{"status":"invalid_api_key","message":"Invalid API key"}}

Failed asserting that false is true.

/home/xkas/PhpstormProjects/laravel-elevenlabs-package/tests/Feature/RealApiTest.php:60</failure>
        </testcase>
        <testcase name="test_can_get_user_subscription" file="/home/xkas/PhpstormProjects/laravel-elevenlabs-package/tests/Feature/RealApiTest.php" line="72" class="Samandar\LaravelElevenLabs\Tests\Feature\RealApiTest" classname="Samandar.LaravelElevenLabs.Tests.Feature.RealApiTest" assertions="2" time="0.486697">
          <failure type="PHPUnit\Framework\ExpectationFailedException">Samandar\LaravelElevenLabs\Tests\Feature\RealApiTest::test_can_get_user_subscription
Client error: `GET https://api.elevenlabs.io/v1/user/subscription` resulted in a `401 Unauthorized` response:
{"detail":{"status":"invalid_api_key","message":"Invalid API key"}}

Failed asserting that false is true.

/home/xkas/PhpstormProjects/laravel-elevenlabs-package/tests/Feature/RealApiTest.php:77</failure>
        </testcase>
        <testcase name="test_can_get_models" file="/home/xkas/PhpstormProjects/laravel-elevenlabs-package/tests/Feature/RealApiTest.php" line="91" class="Samandar\LaravelElevenLabs\Tests\Feature\RealApiTest" classname="Samandar.LaravelElevenLabs.Tests.Feature.RealApiTest" assertions="2" time="0.452641">
          <failure type="PHPUnit\Framework\ExpectationFailedException">Samandar\LaravelElevenLabs\Tests\Feature\RealApiTest::test_can_get_models
Client error: `GET https://api.elevenlabs.io/v1/models` resulted in a `401 Unauthorized` response:
{"detail":{"status":"invalid_api_key","message":"Invalid API key"}}

Failed asserting that false is true.

/home/xkas/PhpstormProjects/laravel-elevenlabs-package/tests/Feature/RealApiTest.php:96</failure>
        </testcase>
        <testcase name="test_can_get_character_usage" file="/home/xkas/PhpstormProjects/laravel-elevenlabs-package/tests/Feature/RealApiTest.php" line="104" class="Samandar\LaravelElevenLabs\Tests\Feature\RealApiTest" classname="Samandar.LaravelElevenLabs.Tests.Feature.RealApiTest" assertions="2" time="0.558288">
          <failure type="PHPUnit\Framework\ExpectationFailedException">Samandar\LaravelElevenLabs\Tests\Feature\RealApiTest::test_can_get_character_usage
Client error: `GET https://api.elevenlabs.io/v1/usage/character-stats` resulted in a `422 unknown` response:
{"detail":[{"type":"missing","loc":["query","start_unix"],"msg":"Field required","input":null},{"type":"missing","loc":[ (truncated...)

Failed asserting that false is true.

/home/xkas/PhpstormProjects/laravel-elevenlabs-package/tests/Feature/RealApiTest.php:109</failure>
        </testcase>
        <testcase name="test_can_get_history" file="/home/xkas/PhpstormProjects/laravel-elevenlabs-package/tests/Feature/RealApiTest.php" line="116" class="Samandar\LaravelElevenLabs\Tests\Feature\RealApiTest" classname="Samandar.LaravelElevenLabs.Tests.Feature.RealApiTest" assertions="2" time="0.476660">
          <failure type="PHPUnit\Framework\ExpectationFailedException">Samandar\LaravelElevenLabs\Tests\Feature\RealApiTest::test_can_get_history
Client error: `GET https://api.elevenlabs.io/v1/history?page_size=5` resulted in a `401 Unauthorized` response:
{"detail":{"status":"invalid_api_key","message":"Invalid API key"}}

Failed asserting that false is true.

/home/xkas/PhpstormProjects/laravel-elevenlabs-package/tests/Feature/RealApiTest.php:121</failure>
        </testcase>
        <testcase name="test_can_get_voices" file="/home/xkas/PhpstormProjects/laravel-elevenlabs-package/tests/Feature/RealApiTest.php" line="129" class="Samandar\LaravelElevenLabs\Tests\Feature\RealApiTest" classname="Samandar.LaravelElevenLabs.Tests.Feature.RealApiTest" assertions="2" time="0.534318">
          <failure type="PHPUnit\Framework\ExpectationFailedException">Samandar\LaravelElevenLabs\Tests\Feature\RealApiTest::test_can_get_voices
Client error: `GET https://api.elevenlabs.io/v1/voices` resulted in a `401 Unauthorized` response:
{"detail":{"status":"invalid_api_key","message":"Invalid API key"}}

Failed asserting that false is true.

/home/xkas/PhpstormProjects/laravel-elevenlabs-package/tests/Feature/RealApiTest.php:134</failure>
        </testcase>
        <testcase name="test_can_get_specific_voice" file="/home/xkas/PhpstormProjects/laravel-elevenlabs-package/tests/Feature/RealApiTest.php" line="143" class="Samandar\LaravelElevenLabs\Tests\Feature\RealApiTest" classname="Samandar.LaravelElevenLabs.Tests.Feature.RealApiTest" assertions="1" time="0.596242">
          <failure type="PHPUnit\Framework\ExpectationFailedException">Samandar\LaravelElevenLabs\Tests\Feature\RealApiTest::test_can_get_specific_voice
Failed asserting that false is true.

/home/xkas/PhpstormProjects/laravel-elevenlabs-package/tests/Feature/RealApiTest.php:147</failure>
        </testcase>
        <testcase name="test_can_get_shared_voices" file="/home/xkas/PhpstormProjects/laravel-elevenlabs-package/tests/Feature/RealApiTest.php" line="164" class="Samandar\LaravelElevenLabs\Tests\Feature\RealApiTest" classname="Samandar.LaravelElevenLabs.Tests.Feature.RealApiTest" assertions="2" time="0.635193">
          <failure type="PHPUnit\Framework\ExpectationFailedException">Samandar\LaravelElevenLabs\Tests\Feature\RealApiTest::test_can_get_shared_voices
Client error: `GET https://api.elevenlabs.io/v1/shared-voices` resulted in a `401 Unauthorized` response:
{"detail":{"status":"invalid_api_key","message":"Invalid API key"}}

Failed asserting that false is true.

/home/xkas/PhpstormProjects/laravel-elevenlabs-package/tests/Feature/RealApiTest.php:169</failure>
        </testcase>
        <testcase name="test_can_get_pronunciation_dictionaries" file="/home/xkas/PhpstormProjects/laravel-elevenlabs-package/tests/Feature/RealApiTest.php" line="177" class="Samandar\LaravelElevenLabs\Tests\Feature\RealApiTest" classname="Samandar.LaravelElevenLabs.Tests.Feature.RealApiTest" assertions="2" time="0.506182">
          <failure type="PHPUnit\Framework\ExpectationFailedException">Samandar\LaravelElevenLabs\Tests\Feature\RealApiTest::test_can_get_pronunciation_dictionaries
Client error: `GET https://api.elevenlabs.io/v1/pronunciation-dictionaries` resulted in a `401 Unauthorized` response:
{"detail":{"status":"invalid_api_key","message":"Invalid API key"}}

Failed asserting that false is true.

/home/xkas/PhpstormProjects/laravel-elevenlabs-package/tests/Feature/RealApiTest.php:182</failure>
        </testcase>
        <testcase name="test_can_create_voice_previews" file="/home/xkas/PhpstormProjects/laravel-elevenlabs-package/tests/Feature/RealApiTest.php" line="191" class="Samandar\LaravelElevenLabs\Tests\Feature\RealApiTest" classname="Samandar.LaravelElevenLabs.Tests.Feature.RealApiTest" assertions="1" time="0.498588">
          <failure type="PHPUnit\Framework\ExpectationFailedException">Samandar\LaravelElevenLabs\Tests\Feature\RealApiTest::test_can_create_voice_previews
Failed asserting that false is true.

/home/xkas/PhpstormProjects/laravel-elevenlabs-package/tests/Feature/RealApiTest.php:195</failure>
        </testcase>
        <testcase name="test_can_generate_text_to_speech" file="/home/xkas/PhpstormProjects/laravel-elevenlabs-package/tests/Feature/RealApiTest.php" line="248" class="Samandar\LaravelElevenLabs\Tests\Feature\RealApiTest" classname="Samandar.LaravelElevenLabs.Tests.Feature.RealApiTest" assertions="1" time="0.558898">
          <failure type="PHPUnit\Framework\ExpectationFailedException">Samandar\LaravelElevenLabs\Tests\Feature\RealApiTest::test_can_generate_text_to_speech
Failed asserting that false is true.

/home/xkas/PhpstormProjects/laravel-elevenlabs-package/tests/Feature/RealApiTest.php:252</failure>
        </testcase>
        <testcase name="test_can_save_tts_to_file" file="/home/xkas/PhpstormProjects/laravel-elevenlabs-package/tests/Feature/RealApiTest.php" line="270" class="Samandar\LaravelElevenLabs\Tests\Feature\RealApiTest" classname="Samandar.LaravelElevenLabs.Tests.Feature.RealApiTest" assertions="1" time="0.493161">
          <failure type="PHPUnit\Framework\ExpectationFailedException">Samandar\LaravelElevenLabs\Tests\Feature\RealApiTest::test_can_save_tts_to_file
Failed asserting that false is true.

/home/xkas/PhpstormProjects/laravel-elevenlabs-package/tests/Feature/RealApiTest.php:273</failure>
        </testcase>
        <testcase name="test_can_generate_sound_effects" file="/home/xkas/PhpstormProjects/laravel-elevenlabs-package/tests/Feature/RealApiTest.php" line="299" class="Samandar\LaravelElevenLabs\Tests\Feature\RealApiTest" classname="Samandar.LaravelElevenLabs.Tests.Feature.RealApiTest" assertions="2" time="0.612007">
          <failure type="PHPUnit\Framework\ExpectationFailedException">Samandar\LaravelElevenLabs\Tests\Feature\RealApiTest::test_can_generate_sound_effects
Client error: `POST https://api.elevenlabs.io/v1/sound-generation` resulted in a `401 Unauthorized` response:
{"detail":{"status":"invalid_api_key","message":"Invalid API key"}}

Failed asserting that false is true.

/home/xkas/PhpstormProjects/laravel-elevenlabs-package/tests/Feature/RealApiTest.php:313</failure>
        </testcase>
        <testcase name="test_can_get_conversational_ai_settings" file="/home/xkas/PhpstormProjects/laravel-elevenlabs-package/tests/Feature/RealApiTest.php" line="319" class="Samandar\LaravelElevenLabs\Tests\Feature\RealApiTest" classname="Samandar.LaravelElevenLabs.Tests.Feature.RealApiTest" assertions="1" time="0.577034">
          <skipped/>
        </testcase>
        <testcase name="test_can_get_knowledge_bases" file="/home/xkas/PhpstormProjects/laravel-elevenlabs-package/tests/Feature/RealApiTest.php" line="333" class="Samandar\LaravelElevenLabs\Tests\Feature\RealApiTest" classname="Samandar.LaravelElevenLabs.Tests.Feature.RealApiTest" assertions="1" time="0.686571">
          <skipped/>
        </testcase>
        <testcase name="test_can_get_agents" file="/home/xkas/PhpstormProjects/laravel-elevenlabs-package/tests/Feature/RealApiTest.php" line="349" class="Samandar\LaravelElevenLabs\Tests\Feature\RealApiTest" classname="Samandar.LaravelElevenLabs.Tests.Feature.RealApiTest" assertions="1" time="0.767817">
          <skipped/>
        </testcase>
        <testcase name="test_can_get_conversations" file="/home/xkas/PhpstormProjects/laravel-elevenlabs-package/tests/Feature/RealApiTest.php" line="365" class="Samandar\LaravelElevenLabs\Tests\Feature\RealApiTest" classname="Samandar.LaravelElevenLabs.Tests.Feature.RealApiTest" assertions="1" time="0.993241">
          <skipped/>
        </testcase>
        <testcase name="test_can_get_studio_projects" file="/home/xkas/PhpstormProjects/laravel-elevenlabs-package/tests/Feature/RealApiTest.php" line="381" class="Samandar\LaravelElevenLabs\Tests\Feature\RealApiTest" classname="Samandar.LaravelElevenLabs.Tests.Feature.RealApiTest" assertions="1" time="0.731793">
          <skipped/>
        </testcase>
        <testcase name="test_can_get_workspace_members" file="/home/xkas/PhpstormProjects/laravel-elevenlabs-package/tests/Feature/RealApiTest.php" line="397" class="Samandar\LaravelElevenLabs\Tests\Feature\RealApiTest" classname="Samandar.LaravelElevenLabs.Tests.Feature.RealApiTest" assertions="1" time="0.681777">
          <skipped/>
        </testcase>
        <testcase name="test_can_get_workspace_resources" file="/home/xkas/PhpstormProjects/laravel-elevenlabs-package/tests/Feature/RealApiTest.php" line="413" class="Samandar\LaravelElevenLabs\Tests\Feature\RealApiTest" classname="Samandar.LaravelElevenLabs.Tests.Feature.RealApiTest" assertions="1" time="0.572344">
          <skipped/>
        </testcase>
        <testcase name="test_full_tts_workflow" file="/home/xkas/PhpstormProjects/laravel-elevenlabs-package/tests/Feature/RealApiTest.php" line="428" class="Samandar\LaravelElevenLabs\Tests\Feature\RealApiTest" classname="Samandar.LaravelElevenLabs.Tests.Feature.RealApiTest" assertions="1" time="0.600361">
          <failure type="PHPUnit\Framework\ExpectationFailedException">Samandar\LaravelElevenLabs\Tests\Feature\RealApiTest::test_full_tts_workflow
Failed asserting that false is true.

/home/xkas/PhpstormProjects/laravel-elevenlabs-package/tests/Feature/RealApiTest.php:432</failure>
        </testcase>
        <testcase name="test_api_endpoints_are_current" file="/home/xkas/PhpstormProjects/laravel-elevenlabs-package/tests/Feature/RealApiTest.php" line="501" class="Samandar\LaravelElevenLabs\Tests\Feature\RealApiTest" classname="Samandar.LaravelElevenLabs.Tests.Feature.RealApiTest" assertions="13" time="2.023754"/>
      </testsuite>
    </testsuite>
  </testsuite>
</testsuites>
